2020-11-12 10:22:42,960 INFO [Test worker] o.s.b.t.c.SpringBootTestContextBootstrapper [AbstractTestContextBootstrapper.java:308] Neither @ContextConfiguration nor @ContextHierarchy found for test class [org.dell.kube.pagesapi.HomeApiTest], using SpringBootContextLoader
2020-11-12 10:22:42,972 INFO [Test worker] o.s.t.c.s.AbstractContextLoader [AbstractContextLoader.java:264] Could not detect default resource locations for test class [org.dell.kube.pagesapi.HomeApiTest]: no resource found for suffixes {-context.xml, Context.groovy}.
2020-11-12 10:22:43,127 INFO [Test worker] o.s.b.t.c.SpringBootTestContextBootstrapper [AbstractTestContextBootstrapper.java:248] Loaded default TestExecutionListener class names from location [META-INF/spring.factories]: [org.springframework.boot.test.autoconfigure.restdocs.RestDocsTestExecutionListener, org.springframework.boot.test.autoconfigure.web.client.MockRestServiceServerResetTestExecutionListener, org.springframework.boot.test.autoconfigure.web.servlet.MockMvcPrintOnlyOnFailureTestExecutionListener, org.springframework.boot.test.autoconfigure.web.servlet.WebDriverTestExecutionListener, org.springframework.boot.test.autoconfigure.webservices.client.MockWebServiceServerTestExecutionListener, org.springframework.boot.test.mock.mockito.MockitoTestExecutionListener, org.springframework.boot.test.mock.mockito.ResetMocksTestExecutionListener, org.springframework.test.context.web.ServletTestExecutionListener, org.springframework.test.context.support.DirtiesContextBeforeModesTestExecutionListener, org.springframework.test.context.support.DependencyInjectionTestExecutionListener, org.springframework.test.context.support.DirtiesContextTestExecutionListener, org.springframework.test.context.transaction.TransactionalTestExecutionListener, org.springframework.test.context.jdbc.SqlScriptsTestExecutionListener, org.springframework.test.context.event.EventPublishingTestExecutionListener]
2020-11-12 10:22:43,142 INFO [Test worker] o.s.b.t.c.SpringBootTestContextBootstrapper [AbstractTestContextBootstrapper.java:177] Using TestExecutionListeners: [org.springframework.test.context.web.ServletTestExecutionListener@6cdca74, org.springframework.test.context.support.DirtiesContextBeforeModesTestExecutionListener@2e13bdda, org.springframework.boot.test.mock.mockito.MockitoTestExecutionListener@4241c9ec, org.springframework.boot.test.autoconfigure.SpringBootDependencyInjectionTestExecutionListener@661d6a66, org.springframework.test.context.support.DirtiesContextTestExecutionListener@eeb82bb, org.springframework.test.context.transaction.TransactionalTestExecutionListener@3da503d1, org.springframework.test.context.jdbc.SqlScriptsTestExecutionListener@7167a320, org.springframework.test.context.event.EventPublishingTestExecutionListener@7c24a930, org.springframework.boot.test.autoconfigure.restdocs.RestDocsTestExecutionListener@2e081255, org.springframework.boot.test.autoconfigure.web.client.MockRestServiceServerResetTestExecutionListener@3ba627ce, org.springframework.boot.test.autoconfigure.web.servlet.MockMvcPrintOnlyOnFailureTestExecutionListener@7714fd39, org.springframework.boot.test.autoconfigure.web.servlet.WebDriverTestExecutionListener@2ea0a7c2, org.springframework.boot.test.autoconfigure.webservices.client.MockWebServiceServerTestExecutionListener@405482f9, org.springframework.boot.test.mock.mockito.ResetMocksTestExecutionListener@4ac6456a]
2020-11-12 10:22:43,505 INFO [Test worker] o.d.k.p.HomeApiTest [StartupInfoLogger.java:55] Starting HomeApiTest on lin01 with PID 25694 (started by student in /home/student/workspace/pages)
2020-11-12 10:22:43,506 INFO [Test worker] o.d.k.p.HomeApiTest [SpringApplication.java:651] No active profile set, falling back to default profiles: default
2020-11-12 10:22:45,235 INFO [Test worker] o.s.b.w.e.t.TomcatWebServer [TomcatWebServer.java:108] Tomcat initialized with port(s): 0 (http)
2020-11-12 10:22:45,246 INFO [Test worker] o.a.c.h.Http11NioProtocol [DirectJDKLog.java:173] Initializing ProtocolHandler ["http-nio-auto-1"]
2020-11-12 10:22:45,247 INFO [Test worker] o.a.c.c.StandardService [DirectJDKLog.java:173] Starting service [Tomcat]
2020-11-12 10:22:45,248 INFO [Test worker] o.a.c.c.StandardEngine [DirectJDKLog.java:173] Starting Servlet engine: [Apache Tomcat/9.0.36]
2020-11-12 10:22:45,336 INFO [Test worker] o.a.c.c.C.[.[.[/] [DirectJDKLog.java:173] Initializing Spring embedded WebApplicationContext
2020-11-12 10:22:45,337 INFO [Test worker] o.s.b.w.s.c.ServletWebServerApplicationContext [ServletWebServerApplicationContext.java:285] Root WebApplicationContext: initialization completed in 1810 ms
2020-11-12 10:22:45,978 INFO [Test worker] o.s.s.c.ThreadPoolTaskExecutor [ExecutorConfigurationSupport.java:181] Initializing ExecutorService 'applicationTaskExecutor'
2020-11-12 10:22:46,477 INFO [Test worker] o.s.b.a.e.w.EndpointLinksResolver [EndpointLinksResolver.java:58] Exposing 2 endpoint(s) beneath base path '/actuator'
2020-11-12 10:22:46,536 INFO [Test worker] o.a.c.h.Http11NioProtocol [DirectJDKLog.java:173] Starting ProtocolHandler ["http-nio-auto-1"]
2020-11-12 10:22:46,566 INFO [Test worker] o.s.b.w.e.t.TomcatWebServer [TomcatWebServer.java:220] Tomcat started on port(s): 36655 (http) with context path ''
2020-11-12 10:22:46,586 INFO [Test worker] o.d.k.p.HomeApiTest [StartupInfoLogger.java:61] Started HomeApiTest in 3.407 seconds (JVM running for 4.695)
2020-11-12 10:22:47,056 INFO [http-nio-auto-1-exec-1] o.a.c.c.C.[.[.[/] [DirectJDKLog.java:173] Initializing Spring DispatcherServlet 'dispatcherServlet'
2020-11-12 10:22:47,060 INFO [http-nio-auto-1-exec-1] o.s.w.s.DispatcherServlet [FrameworkServlet.java:525] Initializing Servlet 'dispatcherServlet'
2020-11-12 10:22:47,076 INFO [http-nio-auto-1-exec-1] o.s.w.s.DispatcherServlet [FrameworkServlet.java:547] Completed initialization in 15 ms
2020-11-12 10:22:47,221 INFO [http-nio-auto-1-exec-2] c.z.h.HikariDataSource [HikariDataSource.java:110] HikariPool-1 - Starting...
2020-11-12 10:22:47,389 INFO [http-nio-auto-1-exec-2] c.z.h.HikariDataSource [HikariDataSource.java:123] HikariPool-1 - Start completed.
2020-11-12 10:22:47,466 INFO [Test worker] o.s.b.t.c.SpringBootTestContextBootstrapper [AbstractTestContextBootstrapper.java:308] Neither @ContextConfiguration nor @ContextHierarchy found for test class [org.dell.kube.pagesapi.PageApiTest], using SpringBootContextLoader
2020-11-12 10:22:47,476 INFO [Test worker] o.s.t.c.s.AbstractContextLoader [AbstractContextLoader.java:264] Could not detect default resource locations for test class [org.dell.kube.pagesapi.PageApiTest]: no resource found for suffixes {-context.xml, Context.groovy}.
2020-11-12 10:22:47,479 INFO [Test worker] o.s.b.t.c.SpringBootTestContextBootstrapper [AbstractTestContextBootstrapper.java:248] Loaded default TestExecutionListener class names from location [META-INF/spring.factories]: [org.springframework.boot.test.autoconfigure.restdocs.RestDocsTestExecutionListener, org.springframework.boot.test.autoconfigure.web.client.MockRestServiceServerResetTestExecutionListener, org.springframework.boot.test.autoconfigure.web.servlet.MockMvcPrintOnlyOnFailureTestExecutionListener, org.springframework.boot.test.autoconfigure.web.servlet.WebDriverTestExecutionListener, org.springframework.boot.test.autoconfigure.webservices.client.MockWebServiceServerTestExecutionListener, org.springframework.boot.test.mock.mockito.MockitoTestExecutionListener, org.springframework.boot.test.mock.mockito.ResetMocksTestExecutionListener, org.springframework.test.context.web.ServletTestExecutionListener, org.springframework.test.context.support.DirtiesContextBeforeModesTestExecutionListener, org.springframework.test.context.support.DependencyInjectionTestExecutionListener, org.springframework.test.context.support.DirtiesContextTestExecutionListener, org.springframework.test.context.transaction.TransactionalTestExecutionListener, org.springframework.test.context.jdbc.SqlScriptsTestExecutionListener, org.springframework.test.context.event.EventPublishingTestExecutionListener]
2020-11-12 10:22:47,480 INFO [Test worker] o.s.b.t.c.SpringBootTestContextBootstrapper [AbstractTestContextBootstrapper.java:177] Using TestExecutionListeners: [org.springframework.test.context.web.ServletTestExecutionListener@704a229e, org.springframework.test.context.support.DirtiesContextBeforeModesTestExecutionListener@5f608840, org.springframework.boot.test.mock.mockito.MockitoTestExecutionListener@44bc6cb9, org.springframework.boot.test.autoconfigure.SpringBootDependencyInjectionTestExecutionListener@5a2e295f, org.springframework.test.context.support.DirtiesContextTestExecutionListener@7b51ae56, org.springframework.test.context.transaction.TransactionalTestExecutionListener@20a80bf4, org.springframework.test.context.jdbc.SqlScriptsTestExecutionListener@7d662fc, org.springframework.test.context.event.EventPublishingTestExecutionListener@2c99d788, org.springframework.boot.test.autoconfigure.restdocs.RestDocsTestExecutionListener@5a4cef53, org.springframework.boot.test.autoconfigure.web.client.MockRestServiceServerResetTestExecutionListener@3a5ba845, org.springframework.boot.test.autoconfigure.web.servlet.MockMvcPrintOnlyOnFailureTestExecutionListener@e2eec70, org.springframework.boot.test.autoconfigure.web.servlet.WebDriverTestExecutionListener@6ce94faa, org.springframework.boot.test.autoconfigure.webservices.client.MockWebServiceServerTestExecutionListener@51620313, org.springframework.boot.test.mock.mockito.ResetMocksTestExecutionListener@369c80fa]
2020-11-12 10:22:47,581 INFO [http-nio-auto-1-exec-3] o.d.k.p.PageController [PageController.java:37] CREATE-INFO:Creating a new page
2020-11-12 10:22:47,637 INFO [http-nio-auto-1-exec-3] o.d.k.p.PageController [PageController.java:43] CREATE-INFO:Created a new page with id = 1
2020-11-12 10:22:47,647 INFO [http-nio-auto-1-exec-4] o.d.k.p.PageController [PageController.java:69] LIST-INFO:Fetching all pages
2020-11-12 10:22:47,746 INFO [http-nio-auto-1-exec-5] o.d.k.p.PageController [PageController.java:37] CREATE-INFO:Creating a new page
2020-11-12 10:22:47,758 INFO [http-nio-auto-1-exec-5] o.d.k.p.PageController [PageController.java:43] CREATE-INFO:Created a new page with id = 1
2020-11-12 10:22:47,771 INFO [http-nio-auto-1-exec-6] o.d.k.p.PageController [PageController.java:54] READ-INFO:Fetching page with id = 1
2020-11-12 10:22:47,837 INFO [http-nio-auto-1-exec-7] o.d.k.p.PageController [PageController.java:37] CREATE-INFO:Creating a new page
2020-11-12 10:22:47,844 INFO [http-nio-auto-1-exec-7] o.d.k.p.PageController [PageController.java:43] CREATE-INFO:Created a new page with id = 1
2020-11-12 10:22:47,899 INFO [http-nio-auto-1-exec-8] o.d.k.p.PageController [PageController.java:37] CREATE-INFO:Creating a new page
2020-11-12 10:22:47,907 INFO [http-nio-auto-1-exec-8] o.d.k.p.PageController [PageController.java:43] CREATE-INFO:Created a new page with id = 1
2020-11-12 10:22:47,914 INFO [http-nio-auto-1-exec-8] o.d.k.p.PageController [PageController.java:99] DELETE-INFO:Deleting the page with id = 1
2020-11-12 10:22:47,926 INFO [http-nio-auto-1-exec-8] o.d.k.p.PageController [PageController.java:102] DELETE-INFO:Deleted the page with id = 1
2020-11-12 10:22:47,932 INFO [http-nio-auto-1-exec-9] o.d.k.p.PageController [PageController.java:54] READ-INFO:Fetching page with id = 1
2020-11-12 10:22:47,934 ERROR [http-nio-auto-1-exec-9] o.d.k.p.PageController [PageController.java:61] READ-ERROR:Could not find page with id = 1
2020-11-12 10:22:47,971 INFO [http-nio-auto-1-exec-10] o.d.k.p.PageController [PageController.java:37] CREATE-INFO:Creating a new page
2020-11-12 10:22:47,978 INFO [http-nio-auto-1-exec-10] o.d.k.p.PageController [PageController.java:43] CREATE-INFO:Created a new page with id = 1
2020-11-12 10:22:47,984 INFO [http-nio-auto-1-exec-1] o.d.k.p.PageController [PageController.java:80] UPDATE-INFO:Updating the page with id = 1
2020-11-12 10:22:47,990 INFO [http-nio-auto-1-exec-1] o.d.k.p.PageController [PageController.java:85] UPDATE-INFO:Updated the page with id = 1
2020-11-12 10:22:47,996 INFO [Test worker] o.s.b.t.c.SpringBootTestContextBootstrapper [AbstractTestContextBootstrapper.java:308] Neither @ContextConfiguration nor @ContextHierarchy found for test class [org.dell.kube.pages.MySqlPageRepositoryTest], using SpringBootContextLoader
2020-11-12 10:22:47,998 INFO [Test worker] o.s.t.c.s.AbstractContextLoader [AbstractContextLoader.java:264] Could not detect default resource locations for test class [org.dell.kube.pages.MySqlPageRepositoryTest]: no resource found for suffixes {-context.xml, Context.groovy}.
2020-11-12 10:22:47,999 INFO [Test worker] o.s.t.c.s.AnnotationConfigContextLoaderUtils [AnnotationConfigContextLoaderUtils.java:83] Could not detect default configuration classes for test class [org.dell.kube.pages.MySqlPageRepositoryTest]: MySqlPageRepositoryTest does not declare any static, non-private, non-final, nested classes annotated with @Configuration.
2020-11-12 10:22:48,005 INFO [Test worker] o.s.b.t.c.SpringBootTestContextBootstrapper [SpringBootTestContextBootstrapper.java:237] Found @SpringBootConfiguration org.dell.kube.pages.PageApplication for test class org.dell.kube.pages.MySqlPageRepositoryTest
2020-11-12 10:22:48,007 INFO [Test worker] o.s.b.t.c.SpringBootTestContextBootstrapper [AbstractTestContextBootstrapper.java:248] Loaded default TestExecutionListener class names from location [META-INF/spring.factories]: [org.springframework.boot.test.autoconfigure.restdocs.RestDocsTestExecutionListener, org.springframework.boot.test.autoconfigure.web.client.MockRestServiceServerResetTestExecutionListener, org.springframework.boot.test.autoconfigure.web.servlet.MockMvcPrintOnlyOnFailureTestExecutionListener, org.springframework.boot.test.autoconfigure.web.servlet.WebDriverTestExecutionListener, org.springframework.boot.test.autoconfigure.webservices.client.MockWebServiceServerTestExecutionListener, org.springframework.boot.test.mock.mockito.MockitoTestExecutionListener, org.springframework.boot.test.mock.mockito.ResetMocksTestExecutionListener, org.springframework.test.context.web.ServletTestExecutionListener, org.springframework.test.context.support.DirtiesContextBeforeModesTestExecutionListener, org.springframework.test.context.support.DependencyInjectionTestExecutionListener, org.springframework.test.context.support.DirtiesContextTestExecutionListener, org.springframework.test.context.transaction.TransactionalTestExecutionListener, org.springframework.test.context.jdbc.SqlScriptsTestExecutionListener, org.springframework.test.context.event.EventPublishingTestExecutionListener]
2020-11-12 10:22:48,008 INFO [Test worker] o.s.b.t.c.SpringBootTestContextBootstrapper [AbstractTestContextBootstrapper.java:177] Using TestExecutionListeners: [org.springframework.test.context.web.ServletTestExecutionListener@306179c0, org.springframework.test.context.support.DirtiesContextBeforeModesTestExecutionListener@cccff39, org.springframework.boot.test.mock.mockito.MockitoTestExecutionListener@5e9fe498, org.springframework.boot.test.autoconfigure.SpringBootDependencyInjectionTestExecutionListener@31a51efe, org.springframework.test.context.support.DirtiesContextTestExecutionListener@a31de73, org.springframework.test.context.transaction.TransactionalTestExecutionListener@61efcd3b, org.springframework.test.context.jdbc.SqlScriptsTestExecutionListener@40755eba, org.springframework.test.context.event.EventPublishingTestExecutionListener@59beeaa4, org.springframework.boot.test.autoconfigure.restdocs.RestDocsTestExecutionListener@5d7875a6, org.springframework.boot.test.autoconfigure.web.client.MockRestServiceServerResetTestExecutionListener@42e1fd27, org.springframework.boot.test.autoconfigure.web.servlet.MockMvcPrintOnlyOnFailureTestExecutionListener@288beb4f, org.springframework.boot.test.autoconfigure.web.servlet.WebDriverTestExecutionListener@64ecf30, org.springframework.boot.test.autoconfigure.webservices.client.MockWebServiceServerTestExecutionListener@18855f1a, org.springframework.boot.test.mock.mockito.ResetMocksTestExecutionListener@554091e8]
2020-11-12 10:22:48,035 INFO [Test worker] o.d.k.p.MySqlPageRepositoryTest [StartupInfoLogger.java:55] Starting MySqlPageRepositoryTest on lin01 with PID 25694 (started by student in /home/student/workspace/pages)
2020-11-12 10:22:48,036 INFO [Test worker] o.d.k.p.MySqlPageRepositoryTest [SpringApplication.java:651] No active profile set, falling back to default profiles: default
2020-11-12 10:22:49,038 INFO [Test worker] o.s.s.c.ThreadPoolTaskExecutor [ExecutorConfigurationSupport.java:181] Initializing ExecutorService 'applicationTaskExecutor'
2020-11-12 10:22:49,296 INFO [Test worker] o.s.b.a.e.w.EndpointLinksResolver [EndpointLinksResolver.java:58] Exposing 2 endpoint(s) beneath base path '/actuator'
2020-11-12 10:22:49,333 INFO [Test worker] o.d.k.p.MySqlPageRepositoryTest [StartupInfoLogger.java:61] Started MySqlPageRepositoryTest in 1.318 seconds (JVM running for 7.441)
2020-11-12 10:22:49,345 INFO [Test worker] c.z.h.HikariDataSource [HikariDataSource.java:110] HikariPool-2 - Starting...
2020-11-12 10:22:49,351 INFO [Test worker] c.z.h.HikariDataSource [HikariDataSource.java:123] HikariPool-2 - Start completed.
2020-11-12 10:22:49,646 INFO [Test worker] o.d.k.p.PageController [PageController.java:69] LIST-INFO:Fetching all pages
2020-11-12 10:22:49,664 INFO [Test worker] o.d.k.p.PageController [PageController.java:54] READ-INFO:Fetching page with id = 1
2020-11-12 10:22:49,667 INFO [Test worker] o.d.k.p.PageController [PageController.java:54] READ-INFO:Fetching page with id = 1
2020-11-12 10:22:49,668 ERROR [Test worker] o.d.k.p.PageController [PageController.java:61] READ-ERROR:Could not find page with id = 1
2020-11-12 10:22:49,674 INFO [Test worker] o.d.k.p.PageController [PageController.java:80] UPDATE-INFO:Updating the page with id = 1
2020-11-12 10:22:49,675 ERROR [Test worker] o.d.k.p.PageController [PageController.java:89] UPDATE-ERROR:Could not update the page with id = 1
2020-11-12 10:22:49,678 INFO [Test worker] o.d.k.p.PageController [PageController.java:37] CREATE-INFO:Creating a new page
2020-11-12 10:22:49,682 INFO [Test worker] o.d.k.p.PageController [PageController.java:43] CREATE-INFO:Created a new page with id = 1
2020-11-12 10:22:49,692 INFO [Test worker] o.d.k.p.PageController [PageController.java:99] DELETE-INFO:Deleting the page with id = 1
2020-11-12 10:22:49,693 INFO [Test worker] o.d.k.p.PageController [PageController.java:102] DELETE-INFO:Deleted the page with id = 1
2020-11-12 10:22:49,697 INFO [Test worker] o.d.k.p.PageController [PageController.java:80] UPDATE-INFO:Updating the page with id = 1
2020-11-12 10:22:49,699 INFO [Test worker] o.d.k.p.PageController [PageController.java:85] UPDATE-INFO:Updated the page with id = 1
2020-11-12 10:22:49,737 INFO [SpringContextShutdownHook] o.s.s.c.ThreadPoolTaskExecutor [ExecutorConfigurationSupport.java:218] Shutting down ExecutorService 'applicationTaskExecutor'
2020-11-12 10:22:49,740 INFO [SpringContextShutdownHook] c.z.h.HikariDataSource [HikariDataSource.java:350] HikariPool-2 - Shutdown initiated...
2020-11-12 10:22:49,773 INFO [SpringContextShutdownHook] c.z.h.HikariDataSource [HikariDataSource.java:352] HikariPool-2 - Shutdown completed.
2020-11-12 10:22:49,792 INFO [SpringContextShutdownHook] o.s.s.c.ThreadPoolTaskExecutor [ExecutorConfigurationSupport.java:218] Shutting down ExecutorService 'applicationTaskExecutor'
2020-11-12 10:22:49,793 INFO [SpringContextShutdownHook] c.z.h.HikariDataSource [HikariDataSource.java:350] HikariPool-1 - Shutdown initiated...
2020-11-12 10:22:49,816 INFO [SpringContextShutdownHook] c.z.h.HikariDataSource [HikariDataSource.java:352] HikariPool-1 - Shutdown completed.
